  Activity.cpp
  A_Hierarchy.cpp
  Driver.cpp
c:\users\miguelangeltrevino\desktop\submission 9-17 pa-1\submission 9-17 pa-1\submission 9-17 pa-1\submission 9-17 pa-1\role.h(263): warning C4101: 'size': unreferenced local variable
  I_Hierarchy.cpp
  Object.cpp
  Permission.cpp
  PermissionAssignment.cpp
  PSSOD.cpp
  RoleHierarchy.cpp
c:\users\miguelangeltrevino\desktop\submission 9-17 pa-1\submission 9-17 pa-1\submission 9-17 pa-1\submission 9-17 pa-1\role.h(263): warning C4101: 'size': unreferenced local variable
  STZone.cpp
  TimeInterval.cpp
  User.cpp
c:\users\miguelangeltrevino\desktop\submission 9-17 pa-1\submission 9-17 pa-1\submission 9-17 pa-1\submission 9-17 pa-1\role.h(263): warning C4101: 'size': unreferenced local variable
  UserRoleActivation.cpp
  Generating Code...
c:\users\miguelangeltrevino\desktop\submission 9-17 pa-1\submission 9-17 pa-1\submission 9-17 pa-1\submission 9-17 pa-1\user.cpp(49): warning C4172: returning address of local variable or temporary: uraObj
c:\users\miguelangeltrevino\desktop\submission 9-17 pa-1\submission 9-17 pa-1\submission 9-17 pa-1\submission 9-17 pa-1\user.cpp(84): warning C4172: returning address of local variable or temporary: uractObj
c:\users\miguelangeltrevino\desktop\submission 9-17 pa-1\submission 9-17 pa-1\submission 9-17 pa-1\submission 9-17 pa-1\user.cpp(130): warning C4172: returning address of local variable or temporary: activeRoles
c:\users\miguelangeltrevino\desktop\submission 9-17 pa-1\submission 9-17 pa-1\submission 9-17 pa-1\submission 9-17 pa-1\user.cpp(160): warning C4172: returning address of local variable or temporary: authorizedRoles
c:\users\miguelangeltrevino\desktop\submission 9-17 pa-1\submission 9-17 pa-1\submission 9-17 pa-1\submission 9-17 pa-1\role.h(138): warning C4172: returning address of local variable or temporary: juniorRoles
c:\users\miguelangeltrevino\desktop\submission 9-17 pa-1\submission 9-17 pa-1\submission 9-17 pa-1\submission 9-17 pa-1\pssod.cpp(12): warning C4172: returning address of local variable or temporary: ipArray
c:\users\miguelangeltrevino\desktop\submission 9-17 pa-1\submission 9-17 pa-1\submission 9-17 pa-1\submission 9-17 pa-1\permission.cpp(20): warning C4172: returning address of local variable or temporary: sodPermission
c:\users\miguelangeltrevino\desktop\submission 9-17 pa-1\submission 9-17 pa-1\submission 9-17 pa-1\submission 9-17 pa-1\permission.cpp(24): warning C4172: returning address of local variable or temporary: prerequisiteP
c:\users\miguelangeltrevino\desktop\submission 9-17 pa-1\submission 9-17 pa-1\submission 9-17 pa-1\submission 9-17 pa-1\permission.cpp(13): warning C4172: returning address of local variable or temporary: permission
c:\users\miguelangeltrevino\desktop\submission 9-17 pa-1\submission 9-17 pa-1\submission 9-17 pa-1\submission 9-17 pa-1\role.h(45): warning C4172: returning address of local variable or temporary: ahObj
c:\users\miguelangeltrevino\desktop\submission 9-17 pa-1\submission 9-17 pa-1\submission 9-17 pa-1\submission 9-17 pa-1\role.h(58): warning C4172: returning address of local variable or temporary: ihObj
  Undergrad Project.vcxproj -> C:\Users\miguelangeltrevino\Desktop\Submission 9-17 PA-1\Submission 9-17 PA-1\Submission 9-17 PA-1\Submission 9-17 PA-1\x64\Debug\Undergrad Project.exe
